****                   ADMIXTURE Version 1.3.0                  ****
****                    Copyright 2008-2015                     ****
****           David Alexander, Suyash Shringarpure,            ****
****                John  Novembre, Ken Lange                   ****
****                                                            ****
****                 Please cite our paper!                     ****
****   Information at www.genetics.ucla.edu/software/admixture  ****

Cross-validation will be performed.  Folds=5.
Parallel execution requested.  Will use 8 threads.
Random seed: 43
Point estimation method: Block relaxation algorithm
Convergence acceleration algorithm: QuasiNewton, 3 secant conditions
Point estimation will terminate when objective function delta < 0.0001
Estimation of standard errors disabled; will compute point estimates only.
Size of G: 42x13004
Performing five EM steps to prime main algorithm
1 (EM) 	Elapsed: 0.032	Loglikelihood: -333824	(delta): 284359
2 (EM) 	Elapsed: 0.024	Loglikelihood: -316786	(delta): 17037.8
3 (EM) 	Elapsed: 0.022	Loglikelihood: -309473	(delta): 7313.04
4 (EM) 	Elapsed: 0.022	Loglikelihood: -303354	(delta): 6118.54
5 (EM) 	Elapsed: 0.021	Loglikelihood: -297293	(delta): 6061.48
Initial loglikelihood: -297293
Starting main algorithm
1 (QN/Block) 	Elapsed: 0.053	Loglikelihood: -249225	(delta): 48067.7
2 (QN/Block) 	Elapsed: 0.057	Loglikelihood: -233781	(delta): 15444.6
3 (QN/Block) 	Elapsed: 0.06	Loglikelihood: -225853	(delta): 7927.74
4 (QN/Block) 	Elapsed: 0.058	Loglikelihood: -222134	(delta): 3719.24
5 (QN/Block) 	Elapsed: 0.055	Loglikelihood: -220103	(delta): 2030.76
6 (QN/Block) 	Elapsed: 0.054	Loglikelihood: -219457	(delta): 645.601
7 (QN/Block) 	Elapsed: 0.055	Loglikelihood: -219316	(delta): 141.479
8 (QN/Block) 	Elapsed: 0.057	Loglikelihood: -219277	(delta): 39.2464
9 (QN/Block) 	Elapsed: 0.055	Loglikelihood: -219245	(delta): 31.8646
10 (QN/Block) 	Elapsed: 0.057	Loglikelihood: -219240	(delta): 4.25711
11 (QN/Block) 	Elapsed: 0.055	Loglikelihood: -219240	(delta): 0.233712
12 (QN/Block) 	Elapsed: 0.055	Loglikelihood: -219240	(delta): 0.109202
13 (QN/Block) 	Elapsed: 0.055	Loglikelihood: -219240	(delta): 0.0285438
14 (QN/Block) 	Elapsed: 0.053	Loglikelihood: -219240	(delta): 0.0453409
15 (QN/Block) 	Elapsed: 0.055	Loglikelihood: -219240	(delta): 0.00857627
16 (QN/Block) 	Elapsed: 0.056	Loglikelihood: -219240	(delta): 4.31598e-05
Summary: 
Converged in 16 iterations (1.037 sec)
Loglikelihood: -219240.003469
Fst divergences between estimated populations: 
	Pop0	Pop1	
Pop0	
Pop1	0.293	
Pop2	0.305	0.372	
CV error (K=3): 0.77189
Writing output files.
