****                   ADMIXTURE Version 1.3.0                  ****
****                    Copyright 2008-2015                     ****
****           David Alexander, Suyash Shringarpure,            ****
****                John  Novembre, Ken Lange                   ****
****                                                            ****
****                 Please cite our paper!                     ****
****   Information at www.genetics.ucla.edu/software/admixture  ****

Cross-validation will be performed.  Folds=5.
Parallel execution requested.  Will use 8 threads.
Random seed: 43
Point estimation method: Block relaxation algorithm
Convergence acceleration algorithm: QuasiNewton, 3 secant conditions
Point estimation will terminate when objective function delta < 0.0001
Estimation of standard errors disabled; will compute point estimates only.
Size of G: 42x13004
Performing five EM steps to prime main algorithm
1 (EM) 	Elapsed: 0.041	Loglikelihood: -334059	(delta): 263490
2 (EM) 	Elapsed: 0.022	Loglikelihood: -315950	(delta): 18109
3 (EM) 	Elapsed: 0.02	Loglikelihood: -308249	(delta): 7701.12
4 (EM) 	Elapsed: 0.02	Loglikelihood: -302060	(delta): 6189.41
5 (EM) 	Elapsed: 0.02	Loglikelihood: -296078	(delta): 5982.17
Initial loglikelihood: -296078
Starting main algorithm
1 (QN/Block) 	Elapsed: 0.086	Loglikelihood: -241400	(delta): 54677.3
2 (QN/Block) 	Elapsed: 0.087	Loglikelihood: -218690	(delta): 22710.6
3 (QN/Block) 	Elapsed: 0.091	Loglikelihood: -210501	(delta): 8188.6
4 (QN/Block) 	Elapsed: 0.089	Loglikelihood: -205719	(delta): 4781.64
5 (QN/Block) 	Elapsed: 0.09	Loglikelihood: -202593	(delta): 3126.86
6 (QN/Block) 	Elapsed: 0.09	Loglikelihood: -201612	(delta): 980.668
7 (QN/Block) 	Elapsed: 0.089	Loglikelihood: -201369	(delta): 242.932
8 (QN/Block) 	Elapsed: 0.09	Loglikelihood: -201328	(delta): 40.8633
9 (QN/Block) 	Elapsed: 0.09	Loglikelihood: -201324	(delta): 4.35814
10 (QN/Block) 	Elapsed: 0.089	Loglikelihood: -201323	(delta): 0.784888
11 (QN/Block) 	Elapsed: 0.09	Loglikelihood: -201323	(delta): 0.353715
12 (QN/Block) 	Elapsed: 0.091	Loglikelihood: -201322	(delta): 0.14676
13 (QN/Block) 	Elapsed: 0.092	Loglikelihood: -201322	(delta): 0.0199335
14 (QN/Block) 	Elapsed: 0.091	Loglikelihood: -201322	(delta): 6.58132e-05
Summary: 
Converged in 14 iterations (1.405 sec)
Loglikelihood: -201322.381515
Fst divergences between estimated populations: 
	Pop0	Pop1	Pop2	
Pop0	
Pop1	0.343	
Pop2	0.453	0.403	
Pop3	0.398	0.323	0.294	
CV error (K=4): 0.86627
Writing output files.
