****                   ADMIXTURE Version 1.3.0                  ****
****                    Copyright 2008-2015                     ****
****           David Alexander, Suyash Shringarpure,            ****
****                John  Novembre, Ken Lange                   ****
****                                                            ****
****                 Please cite our paper!                     ****
****   Information at www.genetics.ucla.edu/software/admixture  ****

Cross-validation will be performed.  Folds=5.
Parallel execution requested.  Will use 8 threads.
Random seed: 43
Point estimation method: Block relaxation algorithm
Convergence acceleration algorithm: QuasiNewton, 3 secant conditions
Point estimation will terminate when objective function delta < 0.0001
Estimation of standard errors disabled; will compute point estimates only.
Size of G: 42x13004
Performing five EM steps to prime main algorithm
1 (EM) 	Elapsed: 0.057	Loglikelihood: -330226	(delta): 237619
2 (EM) 	Elapsed: 0.049	Loglikelihood: -309346	(delta): 20879.3
3 (EM) 	Elapsed: 0.047	Loglikelihood: -299505	(delta): 9840.98
4 (EM) 	Elapsed: 0.043	Loglikelihood: -291342	(delta): 8162.91
5 (EM) 	Elapsed: 0.043	Loglikelihood: -283830	(delta): 7512.28
Initial loglikelihood: -283830
Starting main algorithm
1 (QN/Block) 	Elapsed: 0.124	Loglikelihood: -208735	(delta): 75095
2 (QN/Block) 	Elapsed: 0.116	Loglikelihood: -176867	(delta): 31867.7
3 (QN/Block) 	Elapsed: 0.125	Loglikelihood: -165080	(delta): 11787.3
4 (QN/Block) 	Elapsed: 0.121	Loglikelihood: -159172	(delta): 5907.79
5 (QN/Block) 	Elapsed: 0.124	Loglikelihood: -155889	(delta): 3283.32
6 (QN/Block) 	Elapsed: 0.121	Loglikelihood: -154124	(delta): 1764.92
7 (QN/Block) 	Elapsed: 0.124	Loglikelihood: -153537	(delta): 587.112
8 (QN/Block) 	Elapsed: 0.122	Loglikelihood: -153337	(delta): 199.595
9 (QN/Block) 	Elapsed: 0.128	Loglikelihood: -153250	(delta): 87.7125
10 (QN/Block) 	Elapsed: 0.12	Loglikelihood: -153183	(delta): 67.1843
11 (QN/Block) 	Elapsed: 0.127	Loglikelihood: -153120	(delta): 62.6238
12 (QN/Block) 	Elapsed: 0.124	Loglikelihood: -153084	(delta): 36.1077
13 (QN/Block) 	Elapsed: 0.122	Loglikelihood: -153043	(delta): 40.7101
14 (QN/Block) 	Elapsed: 0.123	Loglikelihood: -153013	(delta): 30.0115
15 (QN/Block) 	Elapsed: 0.134	Loglikelihood: -152955	(delta): 57.702
16 (QN/Block) 	Elapsed: 0.128	Loglikelihood: -152834	(delta): 121.386
17 (QN/Block) 	Elapsed: 0.128	Loglikelihood: -152806	(delta): 28.3492
18 (QN/Block) 	Elapsed: 0.124	Loglikelihood: -152817	(delta): -11.2038
19 (QN/Block) 	Elapsed: 0.125	Loglikelihood: -152808	(delta): 8.58459
20 (QN/Block) 	Elapsed: 0.121	Loglikelihood: -152807	(delta): 1.47173
21 (QN/Block) 	Elapsed: 0.121	Loglikelihood: -152804	(delta): 2.7239
22 (QN/Block) 	Elapsed: 0.122	Loglikelihood: -152799	(delta): 5.17625
23 (QN/Block) 	Elapsed: 0.122	Loglikelihood: -152788	(delta): 10.936
24 (QN/Block) 	Elapsed: 0.122	Loglikelihood: -152768	(delta): 20.191
25 (QN/Block) 	Elapsed: 0.124	Loglikelihood: -152748	(delta): 19.6378
26 (QN/Block) 	Elapsed: 0.123	Loglikelihood: -152747	(delta): 1.25226
27 (QN/Block) 	Elapsed: 0.124	Loglikelihood: -152747	(delta): 0.0375586
28 (QN/Block) 	Elapsed: 0.121	Loglikelihood: -152747	(delta): 0.00311669
29 (QN/Block) 	Elapsed: 0.121	Loglikelihood: -152747	(delta): 1.74023e-05
Summary: 
Converged in 29 iterations (3.875 sec)
Loglikelihood: -152746.856419
Fst divergences between estimated populations: 
	Pop0	Pop1	Pop2	Pop3	Pop4	Pop5	Pop6	
Pop0	
Pop1	0.508	
Pop2	0.512	0.484	
Pop3	0.459	0.378	0.448	
Pop4	0.520	0.548	0.497	0.513	
Pop5	0.541	0.503	0.306	0.469	0.525	
Pop6	0.454	0.491	0.458	0.460	0.365	0.494	
Pop7	0.469	0.395	0.388	0.376	0.463	0.399	0.414	
CV error (K=8): 1.20818
Writing output files.
