****                   ADMIXTURE Version 1.3.0                  ****
****                    Copyright 2008-2015                     ****
****           David Alexander, Suyash Shringarpure,            ****
****                John  Novembre, Ken Lange                   ****
****                                                            ****
****                 Please cite our paper!                     ****
****   Information at www.genetics.ucla.edu/software/admixture  ****

Cross-validation will be performed.  Folds=5.
Parallel execution requested.  Will use 8 threads.
Random seed: 43
Point estimation method: Block relaxation algorithm
Convergence acceleration algorithm: QuasiNewton, 3 secant conditions
Point estimation will terminate when objective function delta < 0.0001
Estimation of standard errors disabled; will compute point estimates only.
Size of G: 42x13004
Performing five EM steps to prime main algorithm
1 (EM) 	Elapsed: 0.042	Loglikelihood: -333664	(delta): 251133
2 (EM) 	Elapsed: 0.03	Loglikelihood: -314618	(delta): 19045.9
3 (EM) 	Elapsed: 0.035	Loglikelihood: -306164	(delta): 8453.86
4 (EM) 	Elapsed: 0.031	Loglikelihood: -299093	(delta): 7070.78
5 (EM) 	Elapsed: 0.03	Loglikelihood: -292161	(delta): 6932.5
Initial loglikelihood: -292161
Starting main algorithm
1 (QN/Block) 	Elapsed: 0.097	Loglikelihood: -221596	(delta): 70564.6
2 (QN/Block) 	Elapsed: 0.096	Loglikelihood: -205407	(delta): 16189
3 (QN/Block) 	Elapsed: 0.101	Loglikelihood: -198636	(delta): 6771.2
4 (QN/Block) 	Elapsed: 0.105	Loglikelihood: -194204	(delta): 4431.68
5 (QN/Block) 	Elapsed: 0.101	Loglikelihood: -191704	(delta): 2500.51
6 (QN/Block) 	Elapsed: 0.1	Loglikelihood: -190261	(delta): 1442.28
7 (QN/Block) 	Elapsed: 0.107	Loglikelihood: -189747	(delta): 514.492
8 (QN/Block) 	Elapsed: 0.103	Loglikelihood: -189459	(delta): 287.929
9 (QN/Block) 	Elapsed: 0.099	Loglikelihood: -189223	(delta): 236.17
10 (QN/Block) 	Elapsed: 0.1	Loglikelihood: -188879	(delta): 343.617
11 (QN/Block) 	Elapsed: 0.099	Loglikelihood: -188283	(delta): 595.848
12 (QN/Block) 	Elapsed: 0.101	Loglikelihood: -188111	(delta): 172.283
13 (QN/Block) 	Elapsed: 0.099	Loglikelihood: -188026	(delta): 84.9283
14 (QN/Block) 	Elapsed: 0.099	Loglikelihood: -187893	(delta): 133.585
15 (QN/Block) 	Elapsed: 0.1	Loglikelihood: -187648	(delta): 244.859
16 (QN/Block) 	Elapsed: 0.099	Loglikelihood: -187412	(delta): 235.461
17 (QN/Block) 	Elapsed: 0.099	Loglikelihood: -187098	(delta): 313.909
18 (QN/Block) 	Elapsed: 0.099	Loglikelihood: -186909	(delta): 189.065
19 (QN/Block) 	Elapsed: 0.1	Loglikelihood: -186840	(delta): 69.3126
20 (QN/Block) 	Elapsed: 0.1	Loglikelihood: -186824	(delta): 15.6337
21 (QN/Block) 	Elapsed: 0.1	Loglikelihood: -186817	(delta): 7.09907
22 (QN/Block) 	Elapsed: 0.099	Loglikelihood: -186810	(delta): 7.43115
23 (QN/Block) 	Elapsed: 0.099	Loglikelihood: -186806	(delta): 3.64554
24 (QN/Block) 	Elapsed: 0.1	Loglikelihood: -186805	(delta): 1.33946
25 (QN/Block) 	Elapsed: 0.102	Loglikelihood: -186804	(delta): 0.31383
26 (QN/Block) 	Elapsed: 0.099	Loglikelihood: -186804	(delta): 0.117562
27 (QN/Block) 	Elapsed: 0.1	Loglikelihood: -186804	(delta): 0.0348251
28 (QN/Block) 	Elapsed: 0.1	Loglikelihood: -186804	(delta): 0.00574532
29 (QN/Block) 	Elapsed: 0.1	Loglikelihood: -186804	(delta): 0.00181113
30 (QN/Block) 	Elapsed: 0.099	Loglikelihood: -186804	(delta): 0.000410801
31 (QN/Block) 	Elapsed: 0.1	Loglikelihood: -186804	(delta): 0.000335102
32 (QN/Block) 	Elapsed: 0.101	Loglikelihood: -186804	(delta): 4.65175e-05
Summary: 
Converged in 32 iterations (3.419 sec)
Loglikelihood: -186804.329056
Fst divergences between estimated populations: 
	Pop0	Pop1	Pop2	Pop3	
Pop0	
Pop1	0.463	
Pop2	0.381	0.427	
Pop3	0.385	0.454	0.420	
Pop4	0.346	0.451	0.392	0.323	
CV error (K=5): 0.95968
Writing output files.
