****                   ADMIXTURE Version 1.3.0                  ****
****                    Copyright 2008-2015                     ****
****           David Alexander, Suyash Shringarpure,            ****
****                John  Novembre, Ken Lange                   ****
****                                                            ****
****                 Please cite our paper!                     ****
****   Information at www.genetics.ucla.edu/software/admixture  ****

Cross-validation will be performed.  Folds=5.
Parallel execution requested.  Will use 8 threads.
Random seed: 43
Point estimation method: Block relaxation algorithm
Convergence acceleration algorithm: QuasiNewton, 3 secant conditions
Point estimation will terminate when objective function delta < 0.0001
Estimation of standard errors disabled; will compute point estimates only.
Size of G: 42x13004
Performing five EM steps to prime main algorithm
1 (EM) 	Elapsed: 0.015	Loglikelihood: -321642	(delta): 452459
2 (EM) 	Elapsed: 0.011	Loglikelihood: -321642	(delta): 0
3 (EM) 	Elapsed: 0.01	Loglikelihood: -321642	(delta): 0
4 (EM) 	Elapsed: 0.011	Loglikelihood: -321642	(delta): 0
5 (EM) 	Elapsed: 0.011	Loglikelihood: -321642	(delta): 0
Initial loglikelihood: -321642
Starting main algorithm
1 (QN/Block) 	Elapsed: 0.031	Loglikelihood: -321642	(delta): 0
Summary: 
Converged in 1 iterations (0.103 sec)
Loglikelihood: -321642.074971
CV error (K=1): 0.84347
Writing output files.
